mode: set
github.com/a-h/processevent/process.go:11.87,13.26 2 1
github.com/a-h/processevent/process.go:13.26,15.17 2 1
github.com/a-h/processevent/process.go:15.17,17.4 1 0
github.com/a-h/processevent/process.go:18.3,18.12 1 1
github.com/a-h/processevent/process.go:20.2,20.51 1 1
github.com/a-h/processevent/process.go:23.34,25.19 2 1
github.com/a-h/processevent/process.go:25.19,27.3 1 1
github.com/a-h/processevent/process.go:28.2,28.10 1 1
github.com/a-h/processevent/process.go:31.25,33.2 1 1
github.com/a-h/processevent/process.go:35.94,36.18 1 1
github.com/a-h/processevent/process.go:36.18,38.3 1 0
github.com/a-h/processevent/process.go:39.2,40.26 2 1
github.com/a-h/processevent/process.go:40.26,42.17 2 1
github.com/a-h/processevent/process.go:42.17,44.4 1 0
github.com/a-h/processevent/process.go:45.3,45.12 1 1
github.com/a-h/processevent/process.go:47.2,47.15 1 1
github.com/a-h/processevent/process.go:50.111,51.18 1 1
github.com/a-h/processevent/process.go:51.18,53.3 1 0
github.com/a-h/processevent/process.go:54.2,55.26 2 1
github.com/a-h/processevent/process.go:55.26,57.17 2 1
github.com/a-h/processevent/process.go:57.17,59.4 1 0
github.com/a-h/processevent/process.go:60.3,60.12 1 1
github.com/a-h/processevent/process.go:62.2,62.15 1 1
github.com/a-h/processevent/process.go:65.103,66.23 1 1
github.com/a-h/processevent/process.go:67.29,68.55 1 1
github.com/a-h/processevent/process.go:69.30,70.64 1 1
github.com/a-h/processevent/process.go:71.32,72.59 1 1
github.com/a-h/processevent/process.go:73.27,75.17 2 1
github.com/a-h/processevent/process.go:75.17,77.4 1 0
github.com/a-h/processevent/process.go:78.3,78.48 1 1
github.com/a-h/processevent/process.go:79.26,81.17 2 1
github.com/a-h/processevent/process.go:81.17,83.4 1 0
github.com/a-h/processevent/process.go:84.3,84.45 1 1
github.com/a-h/processevent/process.go:85.29,86.60 1 1
github.com/a-h/processevent/process.go:87.32,88.69 1 1
github.com/a-h/processevent/process.go:89.27,90.18 1 1
github.com/a-h/processevent/process.go:91.29,92.60 1 1
github.com/a-h/processevent/process.go:93.32,94.69 1 1
github.com/a-h/processevent/process.go:96.2,96.82 1 0
